<?xml version="1.0" encoding="UTF-8"?>
<!-- Generated by org.testng.reporters.JUnitReportReporter -->
<testsuite hostname="LIN51016524" failures="0" tests="1" name="com.subway.test123" time="0.040" errors="0" timestamp="26 Aug 2022 07:26:33 GMT" skipped="0">
  <testcase classname="com.subway.test123" name="display" time="0.040"/>
</testsuite> <!-- com.subway.test123 -->
